
THE FOLLOWING APPLICATION ERROR OCCURRED (2021-08-23T12:44:02.4871458):

Java throwable in thread Thread[main,5,main]:
java.lang.OutOfMemoryError: Java heap space
Stack trace:
> java.util.Arrays.copyOf, Java line 3511
> java.util.Arrays.copyOf, Java line 3480
> java.util.ArrayList.grow, Java line 237
> java.util.ArrayList.grow, Java line 244
> java.util.ArrayList.add, Java line 454
> java.util.ArrayList.add, Java line 467
> dev.pdml.core.data.formalNode.types.standard.TextBlockType.readBlockWithEndTag, Java line 196
> dev.pdml.core.data.formalNode.types.standard.TextBlockType.readPDMLObject, Java line 77
> dev.pdml.core.data.formalNode.types.standard.TextBlockType.readPDMLObject, Java line 20
> dev.pdml.core.data.formalNode.types.PDMLType.readValidateAndInsertPDMLObject, Java line 37
> dev.pdml.core.reader.parser.DefaultEventStreamParser.requireNode, Java line 151
> dev.pdml.core.reader.parser.DefaultEventStreamParser.parseChildNodes, Java line 292
> dev.pdml.core.reader.parser.DefaultEventStreamParser.requireNode, Java line 155
> dev.pdml.core.reader.parser.DefaultEventStreamParser.parseChildNodes, Java line 292
> dev.pdml.core.reader.parser.DefaultEventStreamParser.requireNode, Java line 155
> dev.pdml.core.reader.parser.DefaultEventStreamParser.parseChildNodes, Java line 292
> dev.pdml.core.reader.parser.DefaultEventStreamParser.requireNode, Java line 155
> dev.pdml.core.reader.parser.DefaultEventStreamParser.requireRootNode, Java line 106
> dev.pdml.core.reader.parser.DefaultEventStreamParser.startParsing, Java line 94
> dev.pdml.core.reader.parser.DefaultEventStreamParser.parse, Java line 70
> dev.pdml.core.reader.parser.EventStreamParser.parseReader, Java line 33
> dev.pdml.core.reader.parser.EventStreamParser.parseFile, Java line 40
> dev.pdml.core.reader.parser.EventStreamParserBuilder.parseFile, Java line 74
> dev.pml.converter.reader.pXML_parser.se_pXML_parser.try_parse_file, Java line 213
> dev.pml.converter.reader.pXML_parser.se_pXML_parser.try_parse, Java line 182
> dev.pml.converter.se_PML_to_HTML_Converter.create_HTML_file, Java line 221
> dev.pml.converter.se_PML_to_HTML_Converter.try_convert, Java line 131
> dev.pml.converter.PAIOM_commands.se_PML_convert_command.execute, Java line 601
> dev.pml.converter.PAIOM_commands.se_PML_convert_command$11.execute, Java line 547
> dev.pml.converter.PAIOM_commands.se_PML_convert_command$11.execute, Java line 535
> org.ppl.paiom.config.execution.single_command_executor.fa_single_command_executor.execute_command, Java line 36
> org.ppl.paiom.meta_commands.commands.execute_command.se_execute_command_meta_command.execute_command, Java line 236

Trace:
> Service pXML_parser.try_parse_file, line 165 (dev.pml.converter.reader.pXML_parser)
> Service pXML_parser.try_parse, line 155 (dev.pml.converter.reader.pXML_parser)
> Service PML_to_HTML_Converter.create_HTML_file, line 97 (dev.pml.converter)
> Service PML_to_HTML_Converter.try_convert, line 19 (dev.pml.converter)
> Service PML_convert_command.execute, line 189 (dev.pml.converter.PAIOM_commands)

THE FOLLOWING APPLICATION ERROR OCCURRED (2021-08-26T11:48:44.1692831):

Error         : Null pointer error: Trying to access a feature (e.g. attribute, function) of a reference that points to 
                null.
Location      : Factory any_type_parameters.get_value_or_null (org.ppl.ext.parameters.parameter.map)
                line 27
Time          : 2021-08-26 11:48:44
Info          : Null pointer error: Trying to access a feature (e.g. attribute, function) of a reference that points to 
                null.

Java exception: Java throwable in thread Thread[main,5,main]:
                java.lang.NullPointerException: Cannot invoke "org.ppl.core.collections.maps.ty_map.contains_key(org.ppl
                .core.basics.scalar.ty_scalar_or_scalar_value)" because the return value of "org.ppl.ext.parameters.para
                meter.map.fa_any_type_parameters.getMap()" is null
                Stack trace:
                > org.ppl.ext.parameters.parameter.map.fa_any_type_parameters.get_value_or_null, Java line 143
                > org.ppl.ext.parameters.parameter.map.fa_any_type_parameters.get_string_or_null, Java line 219
                > dev.pml.converter.tree_creator.node_creator.fa_PML_node_creator_context.lambda$get_string_or_null_attr
                ibute$2, Java line 208
                > org.ppl.core.java.se_java_utilities.check_null_separator, Java line 100
                > dev.pml.converter.tree_creator.node_creator.fa_PML_node_creator_context.get_string_or_null_attribute, 
                Java line 208
                > dev.pml.converter.tree_creator.node_creator.fa_PML_node_creator_context.get_id_or_null, Java line 307
                > dev.pml.converter.tree_creator.node_creator.creators.block_node.chapter.fa_PML_chapter_title_node_crea
                tor.create_node, Java line 34
                > dev.pml.converter.tree_creator.fa_PML_tree_creator.create_block_child_nodes, Java line 598
                > dev.pml.converter.tree_creator.fa_PML_tree_creator.create_node_creator_context, Java line 329
                > dev.pml.converter.tree_creator.fa_PML_tree_creator.try_create_tree_2, Java line 241
                > dev.pml.converter.tree_creator.fa_PML_tree_creator.try_create_tree, Java line 171
                > dev.pml.converter.se_PML_to_HTML_Converter.create_HTML_file, Java line 229
                > dev.pml.converter.se_PML_to_HTML_Converter.try_convert, Java line 131
                > dev.pml.converter.PAIOM_commands.se_PML_convert_command.execute, Java line 601
                > dev.pml.converter.PAIOM_commands.se_PML_convert_command$11.execute, Java line 547
                > dev.pml.converter.PAIOM_commands.se_PML_convert_command$11.execute, Java line 535
                > org.ppl.paiom.config.execution.single_command_executor.fa_single_command_executor.execute_command, Jav
                a line 36
                > org.ppl.paiom.meta_commands.commands.execute_command.se_execute_command_meta_command.execute_command, 
                Java line 236
                > org.ppl.paiom.fa_paiom.execute_meta_command, Java line 318
                > org.ppl.paiom.fa_paiom.execute_command_from_string_data_2, Java line 222
                > org.ppl.paiom.fa_paiom.execute_command_from_string_data, Java line 136
                > org.ppl.paiom.fa_paiom.execute_command_from_command_line_arguments, Java line 79
                > org.ppl.paiom.se_PAIOM_command_executor.execute_command_line_arguments, Java line 52
                > org.ppl.paiom.se_PAIOM_command_executor.execute_command_line_arguments_2, Java line 104
                > org.ppl.paiom.se_PAIOM_command_executor.execute_command_line_arguments_3, Java line 178
                > dev.pml.converter.se_CLI_start.execute_command_line_arguments, Java line 161
                > dev.pml.converter.se_CLI_start.start, Java line 91
                > dev.pml.converter.se_start.start, Java line 58
                > dev.pml.converter.se_start.main, Java line 112

Trace:
> Factory any_type_parameters.get_value_or_null, line 27 (org.ppl.ext.parameters.parameter.map)
> Factory any_type_parameters.get_string_or_null, line 43 (org.ppl.ext.parameters.parameter.map)
> Factory PML_node_creator_context.get_string_or_null_attribute, line 43 (dev.pml.converter.tree_creator.node_creator)
> Factory PML_node_creator_context.get_id_or_null, line 78 (dev.pml.converter.tree_creator.node_creator)
> Factory PML_chapter_title_node_creator.create_node, line 6 (dev.pml.converter.tree_creator.node_creator.creators.block_node.chapter)
> Factory PML_tree_creator.create_block_child_nodes, line 271 (dev.pml.converter.tree_creator)
> Factory PML_tree_creator.create_node_creator_context, line 110 (dev.pml.converter.tree_creator)
> Factory PML_tree_creator.try_create_tree_2, line 69 (dev.pml.converter.tree_creator)
> Factory PML_tree_creator.try_create_tree, line 24 (dev.pml.converter.tree_creator)
> Service PML_to_HTML_Converter.create_HTML_file, line 99 (dev.pml.converter)
> Service PML_to_HTML_Converter.try_convert, line 19 (dev.pml.converter)
> Service PML_convert_command.execute, line 189 (dev.pml.converter.PAIOM_commands)

THE FOLLOWING APPLICATION ERROR OCCURRED (2021-08-26T12:04:00.8140486):

Error         : Null pointer error: Trying to access a feature (e.g. attribute, function) of a reference that points to 
                null.
Location      : Factory any_type_parameters.get_value_or_null (org.ppl.ext.parameters.parameter.map)
                line 27
Time          : 2021-08-26 12:04:00
Info          : Null pointer error: Trying to access a feature (e.g. attribute, function) of a reference that points to 
                null.

Java exception: Java throwable in thread Thread[main,5,main]:
                java.lang.NullPointerException: Cannot invoke "org.ppl.core.collections.maps.ty_map.contains_key(org.ppl
                .core.basics.scalar.ty_scalar_or_scalar_value)" because the return value of "org.ppl.ext.parameters.para
                meter.map.fa_any_type_parameters.getMap()" is null
                Stack trace:
                > org.ppl.ext.parameters.parameter.map.fa_any_type_parameters.get_value_or_null, Java line 143
                > org.ppl.ext.parameters.parameter.map.fa_any_type_parameters.get_string_or_null, Java line 219
                > dev.pml.converter.tree_creator.node_creator.fa_PML_node_creator_context.lambda$get_string_or_null_attr
                ibute$2, Java line 208
                > org.ppl.core.java.se_java_utilities.check_null_separator, Java line 100
                > dev.pml.converter.tree_creator.node_creator.fa_PML_node_creator_context.get_string_or_null_attribute, 
                Java line 208
                > dev.pml.converter.tree_creator.node_creator.fa_PML_node_creator_context.get_id_or_null, Java line 307
                > dev.pml.converter.tree_creator.node_creator.creators.block_node.header.fa_PML_header_node_creator.crea
                te_node, Java line 34
                > dev.pml.converter.tree_creator.fa_PML_tree_creator.create_block_child_nodes, Java line 598
                > dev.pml.converter.tree_creator.fa_PML_tree_creator.create_node_creator_context, Java line 329
                > dev.pml.converter.tree_creator.fa_PML_tree_creator.create_block_child_nodes, Java line 588
                > dev.pml.converter.tree_creator.fa_PML_tree_creator.create_node_creator_context, Java line 329
                > dev.pml.converter.tree_creator.fa_PML_tree_creator.create_block_child_nodes, Java line 588
                > dev.pml.converter.tree_creator.fa_PML_tree_creator.create_node_creator_context, Java line 329
                > dev.pml.converter.tree_creator.fa_PML_tree_creator.create_block_child_nodes, Java line 588
                > dev.pml.converter.tree_creator.fa_PML_tree_creator.create_node_creator_context, Java line 329
                > dev.pml.converter.tree_creator.fa_PML_tree_creator.try_create_tree_2, Java line 241
                > dev.pml.converter.tree_creator.fa_PML_tree_creator.try_create_tree, Java line 171
                > dev.pml.converter.se_PML_to_HTML_Converter.create_HTML_file, Java line 229
                > dev.pml.converter.se_PML_to_HTML_Converter.try_convert, Java line 131
                > dev.pml.converter.PAIOM_commands.se_PML_convert_command.execute, Java line 601
                > dev.pml.converter.PAIOM_commands.se_PML_convert_command$11.execute, Java line 547
                > dev.pml.converter.PAIOM_commands.se_PML_convert_command$11.execute, Java line 535
                > org.ppl.paiom.config.execution.single_command_executor.fa_single_command_executor.execute_command, Jav
                a line 36
                > org.ppl.paiom.meta_commands.commands.execute_command.se_execute_command_meta_command.execute_command, 
                Java line 236
                > org.ppl.paiom.fa_paiom.execute_meta_command, Java line 318
                > org.ppl.paiom.fa_paiom.execute_command_from_string_data_2, Java line 222
                > org.ppl.paiom.fa_paiom.execute_command_from_string_data, Java line 136
                > org.ppl.paiom.fa_paiom.execute_command_from_command_line_arguments, Java line 79
                > org.ppl.paiom.se_PAIOM_command_executor.execute_command_line_arguments, Java line 52
                > org.ppl.paiom.se_PAIOM_command_executor.execute_command_line_arguments_2, Java line 104
                > org.ppl.paiom.se_PAIOM_command_executor.execute_command_line_arguments_3, Java line 178
                > dev.pml.converter.se_CLI_start.execute_command_line_arguments, Java line 161
                > dev.pml.converter.se_CLI_start.start, Java line 91
                > dev.pml.converter.se_start.start, Java line 58
                > dev.pml.converter.se_start.main, Java line 112

Trace:
> Factory any_type_parameters.get_value_or_null, line 27 (org.ppl.ext.parameters.parameter.map)
> Factory any_type_parameters.get_string_or_null, line 43 (org.ppl.ext.parameters.parameter.map)
> Factory PML_node_creator_context.get_string_or_null_attribute, line 43 (dev.pml.converter.tree_creator.node_creator)
> Factory PML_node_creator_context.get_id_or_null, line 78 (dev.pml.converter.tree_creator.node_creator)
> Factory PML_header_node_creator.create_node, line 6 (dev.pml.converter.tree_creator.node_creator.creators.block_node.header)
> Factory PML_tree_creator.create_block_child_nodes, line 271 (dev.pml.converter.tree_creator)
> Factory PML_tree_creator.create_node_creator_context, line 110 (dev.pml.converter.tree_creator)
> Factory PML_tree_creator.create_block_child_nodes, line 269 (dev.pml.converter.tree_creator)
> Factory PML_tree_creator.create_node_creator_context, line 110 (dev.pml.converter.tree_creator)
> Factory PML_tree_creator.create_block_child_nodes, line 269 (dev.pml.converter.tree_creator)
> Factory PML_tree_creator.create_node_creator_context, line 110 (dev.pml.converter.tree_creator)
> Factory PML_tree_creator.create_block_child_nodes, line 269 (dev.pml.converter.tree_creator)
> Factory PML_tree_creator.create_node_creator_context, line 110 (dev.pml.converter.tree_creator)
> Factory PML_tree_creator.try_create_tree_2, line 69 (dev.pml.converter.tree_creator)
> Factory PML_tree_creator.try_create_tree, line 24 (dev.pml.converter.tree_creator)
> Service PML_to_HTML_Converter.create_HTML_file, line 99 (dev.pml.converter)
> Service PML_to_HTML_Converter.try_convert, line 19 (dev.pml.converter)
> Service PML_convert_command.execute, line 189 (dev.pml.converter.PAIOM_commands)
